

Microchip MPLAB XC8 Assembler V2.40 build 20220703182018 
                                                                                               Fri Jan 20 17:39:44 2023

Microchip MPLAB XC8 C Compiler v2.40 (Free license) build 20220703182018 Og1 
     1                           	processor	18F4550
     2                           	fnconf	rparam,??,?,0
     3                           	pagewidth 120
     4                           	opt	flic
     5                           	psect	cinit,global,reloc=2,class=CODE,delta=1
     6                           	psect	bssCOMRAM,global,class=COMRAM,space=1,delta=1,lowdata,noexec
     7                           	psect	cstackCOMRAM,global,class=COMRAM,space=1,delta=1,lowdata,noexec
     8                           	psect	text0,global,reloc=2,class=CODE,delta=1
     9                           	psect	text1,global,reloc=2,class=CODE,delta=1
    10                           	psect	text2,global,reloc=2,class=CODE,delta=1
    11                           	psect	intsave_regs,global,class=BIGRAM,space=1,delta=1,noexec
    12                           	psect	rparam,global,class=COMRAM,space=1,delta=1,noexec
    13                           	psect	idloc,global,abs,ovrld,class=IDLOC,space=5,delta=1,noexec
    14                           	psect	config,global,abs,ovrld,class=CONFIG,space=4,delta=1,noexec
    15   000000                     
    16                           ; Version 2.40
    17                           ; Generated 17/11/2021 GMT
    18                           ; 
    19                           ; Copyright © 2021, Microchip Technology Inc. and its subsidiaries ("Microchip")
    20                           ; All rights reserved.
    21                           ; 
    22                           ; This software is developed by Microchip Technology Inc. and its subsidiaries ("Microch
      +                          ip").
    23                           ; 
    24                           ; Redistribution and use in source and binary forms, with or without modification, are
    25                           ; permitted provided that the following conditions are met:
    26                           ; 
    27                           ;     1. Redistributions of source code must retain the above copyright notice, this lis
      +                          t of
    28                           ;        conditions and the following disclaimer.
    29                           ; 
    30                           ;     2. Redistributions in binary form must reproduce the above copyright notice, this 
      +                          list
    31                           ;        of conditions and the following disclaimer in the documentation and/or other
    32                           ;        materials provided with the distribution. Publication is not required when
    33                           ;        this file is used in an embedded application.
    34                           ; 
    35                           ;     3. Microchip's name may not be used to endorse or promote products derived from th
      +                          is
    36                           ;        software without specific prior written permission.
    37                           ; 
    38                           ; THIS SOFTWARE IS PROVIDED BY MICROCHIP "AS IS" AND ANY EXPRESS OR IMPLIED WARRANTIES,
    39                           ; INCLUDING, BUT NOT LIMITED TO, THE IMPLIED WARRANTIES OF MERCHANTABILITY AND FITNESS F
      +                          OR
    40                           ; PURPOSE ARE DISCLAIMED.  IN NO EVENT SHALL MICROCHIP BE LIABLE FOR ANY DIRECT, INDIREC
      +                          T,
    41                           ; INCIDENTAL, SPECIAL, EXEMPLARY, OR CONSEQUENTIAL DAMAGES (INCLUDING BUT NOT LIMITED TO
    42                           ; PROCUREMENT OF SUBSTITUTE GOODS OR SERVICES; LOSS OF USE, DATA OR PROFITS; OR BUSINESS
    43                           ; INTERRUPTION) HOWSOEVER CAUSED AND ON ANY THEORY OF LIABILITY, WHETHER IN CONTRACT, ST
      +                          RICT
    44                           ; LIABILITY, OR TORT (INCLUDING NEGLIGENCE OR OTHERWISE) ARISING IN ANY WAY OUT OF THE U
      +                          SE OF
    45                           ; THIS SOFTWARE, EVEN IF ADVISED OF THE POSSIBILITY OF SUCH DAMAGE.
    46                           ; 
    47                           ; 
    48                           ; Code-generator required, PIC18F4550 Definitions
    49                           ; 
    50                           ; SFR Addresses
    51   000000                     _LATBbits	set	3978
    52   000000                     _LATCbits	set	3979
    53   000000                     _TRISD	set	3989
    54   000000                     _TRISEbits	set	3990
    55   000000                     _TRISCbits	set	3988
    56   000000                     _TRISBbits	set	3987
    57   000000                     _LATAbits	set	3977
    58   000000                     _TRISAbits	set	3986
    59   000000                     _LATEbits	set	3981
    60   000000                     _LATDbits	set	3980
    61                           
    62                           ; #config settings
    63                           
    64                           	psect	cinit
    65   007BFC                     __pcinit:
    66                           	callstack 0
    67   007BFC                     start_initialization:
    68                           	callstack 0
    69   007BFC                     __initialization:
    70                           	callstack 0
    71                           
    72                           ; Clear objects allocated to COMRAM (4 bytes)
    73   007BFC  6A0F               	clrf	(__pbssCOMRAM+3)& (0+255),c
    74   007BFE  6A0E               	clrf	(__pbssCOMRAM+2)& (0+255),c
    75   007C00  6A0D               	clrf	(__pbssCOMRAM+1)& (0+255),c
    76   007C02  6A0C               	clrf	__pbssCOMRAM& (0+255),c
    77   007C04                     end_of_initialization:
    78                           	callstack 0
    79   007C04                     __end_of__initialization:
    80                           	callstack 0
    81   007C04  0100               	movlb	0
    82   007C06  EF2C  F03E         	goto	_main	;jump to C main() function
    83                           
    84                           	psect	bssCOMRAM
    85   00000C                     __pbssCOMRAM:
    86                           	callstack 0
    87   00000C                     	ds	4
    88                           
    89                           	psect	cstackCOMRAM
    90   000001                     __pcstackCOMRAM:
    91                           	callstack 0
    92   000001                     delay_100ms@n_100ms:
    93                           	callstack 0
    94   000001                     single_layer@led:
    95                           	callstack 0
    96                           
    97                           ; 2 bytes @ 0x0
    98   000001                     	ds	2
    99   000003                     ??_delay_100ms:
   100   000003                     single_layer@LAYER:
   101                           	callstack 0
   102                           
   103                           ; 2 bytes @ 0x2
   104   000003                     	ds	2
   105   000005                     ??_single_layer:
   106                           
   107                           ; 1 bytes @ 0x4
   108   000005                     	ds	1
   109   000006                     delay_100ms@i:
   110                           	callstack 0
   111                           
   112                           ; 2 bytes @ 0x5
   113   000006                     	ds	3
   114   000009                     main@LAYER:
   115                           	callstack 0
   116                           
   117                           ; 1 bytes @ 0x8
   118   000009                     	ds	1
   119   00000A                     main@led:
   120                           	callstack 0
   121                           
   122                           ; 2 bytes @ 0x9
   123   00000A                     	ds	2
   124                           
   125 ;;
   126 ;;Main: autosize = 0, tempsize = 0, incstack = 0, save=0
   127 ;;
   128 ;; *************** function _main *****************
   129 ;; Defined at:
   130 ;;		line 24 in file "main.c"
   131 ;; Parameters:    Size  Location     Type
   132 ;;		None
   133 ;; Auto vars:     Size  Location     Type
   134 ;;  led             2    9[COMRAM] unsigned short 
   135 ;;  LAYER           1    8[COMRAM] unsigned char 
   136 ;; Return value:  Size  Location     Type
   137 ;;                  1    wreg      void 
   138 ;; Registers used:
   139 ;;		wreg, fsr2l, fsr2h, status,2, status,0, cstack
   140 ;; Tracked objects:
   141 ;;		On entry : 0/0
   142 ;;		On exit  : 0/0
   143 ;;		Unchanged: 0/0
   144 ;; Data sizes:     COMRAM   BANK0   BANK1   BANK2   BANK3   BANK4   BANK5   BANK6   BANK7
   145 ;;      Params:         0       0       0       0       0       0       0       0       0
   146 ;;      Locals:         3       0       0       0       0       0       0       0       0
   147 ;;      Temps:          0       0       0       0       0       0       0       0       0
   148 ;;      Totals:         3       0       0       0       0       0       0       0       0
   149 ;;Total ram usage:        3 bytes
   150 ;; Hardware stack levels required when called: 1
   151 ;; This function calls:
   152 ;;		_delay_100ms
   153 ;;		_single_layer
   154 ;; This function is called by:
   155 ;;		Startup code after reset
   156 ;; This function uses a non-reentrant model
   157 ;;
   158                           
   159                           	psect	text0
   160   007C58                     __ptext0:
   161                           	callstack 0
   162   007C58                     _main:
   163                           	callstack 30
   164   007C58                     
   165                           ;main.c: 25:    TRISAbits.TRISA1 =0;TRISAbits.TRISA2=0;TRISAbits.TRISA3=0;TRISAbits.TRIS
      +                          A5=0;TRISBbits.TRISB0=0;TRISBbits.TRISB1=0;TRISCbits.TRISC1=0;TRISCbits.TRISC2=0;TRISCbi
      +                          ts.TRISC6=0;TRISEbits.TRISE0=0;TRISEbits.TRISE1=0;TRISBbits.TRISB2 = 1;TRISAbits.TRISA0 
      +                          =0;TRISD =0b00000000;TRISEbits.TRISE2=1;
   166   007C58  9292               	bcf	146,1,c	;volatile
   167   007C5A  9492               	bcf	146,2,c	;volatile
   168   007C5C  9692               	bcf	146,3,c	;volatile
   169   007C5E  9A92               	bcf	146,5,c	;volatile
   170   007C60  9093               	bcf	147,0,c	;volatile
   171   007C62  9293               	bcf	147,1,c	;volatile
   172   007C64  9294               	bcf	148,1,c	;volatile
   173   007C66  9494               	bcf	148,2,c	;volatile
   174   007C68  9C94               	bcf	148,6,c	;volatile
   175   007C6A  9096               	bcf	150,0,c	;volatile
   176   007C6C  9296               	bcf	150,1,c	;volatile
   177   007C6E  8493               	bsf	147,2,c	;volatile
   178   007C70  9092               	bcf	146,0,c	;volatile
   179   007C72  0E00               	movlw	0
   180   007C74  6E95               	movwf	149,c	;volatile
   181   007C76  8496               	bsf	150,2,c	;volatile
   182                           
   183                           ;main.c: 27:     unsigned short led =0;
   184   007C78  0E00               	movlw	0
   185   007C7A  6E0B               	movwf	(main@led+1)^0,c
   186   007C7C  0E00               	movlw	0
   187   007C7E  6E0A               	movwf	main@led^0,c
   188                           
   189                           ;main.c: 28:     unsigned char LAYER = 0;
   190   007C80  0E00               	movlw	0
   191   007C82  6E09               	movwf	main@LAYER^0,c
   192   007C84                     l1290:
   193                           
   194                           ;main.c: 32:                 delay_100ms(7);
   195   007C84  0E00               	movlw	0
   196   007C86  6E02               	movwf	(delay_100ms@n_100ms+1)^0,c
   197   007C88  0E07               	movlw	7
   198   007C8A  6E01               	movwf	delay_100ms@n_100ms^0,c
   199   007C8C  EC05  F03E         	call	_delay_100ms	;wreg free
   200   007C90                     
   201                           ;main.c: 33:                 single_layer(&led,&LAYER);
   202   007C90  0E0A               	movlw	low main@led
   203   007C92  6E01               	movwf	single_layer@led^0,c
   204   007C94  0E00               	movlw	high main@led
   205   007C96  6E02               	movwf	(single_layer@led+1)^0,c
   206   007C98  0E09               	movlw	low main@LAYER
   207   007C9A  6E03               	movwf	single_layer@LAYER^0,c
   208   007C9C  0E00               	movlw	high main@LAYER
   209   007C9E  6E04               	movwf	(single_layer@LAYER+1)^0,c
   210   007CA0  EC56  F03E         	call	_single_layer	;wreg free
   211   007CA4  EF42  F03E         	goto	l1290
   212   007CA8  EF00  F000         	goto	start
   213   007CAC                     __end_of_main:
   214                           	callstack 0
   215                           
   216 ;; *************** function _single_layer *****************
   217 ;; Defined at:
   218 ;;		line 176 in file "main.c"
   219 ;; Parameters:    Size  Location     Type
   220 ;;  led             2    0[COMRAM] PTR unsigned short 
   221 ;;		 -> main@led(2), 
   222 ;;  LAYER           2    2[COMRAM] PTR unsigned char 
   223 ;;		 -> main@LAYER(1), 
   224 ;; Auto vars:     Size  Location     Type
   225 ;;		None
   226 ;; Return value:  Size  Location     Type
   227 ;;                  1    wreg      void 
   228 ;; Registers used:
   229 ;;		wreg, fsr2l, fsr2h, status,2, status,0
   230 ;; Tracked objects:
   231 ;;		On entry : 0/0
   232 ;;		On exit  : 0/0
   233 ;;		Unchanged: 0/0
   234 ;; Data sizes:     COMRAM   BANK0   BANK1   BANK2   BANK3   BANK4   BANK5   BANK6   BANK7
   235 ;;      Params:         4       0       0       0       0       0       0       0       0
   236 ;;      Locals:         0       0       0       0       0       0       0       0       0
   237 ;;      Temps:          4       0       0       0       0       0       0       0       0
   238 ;;      Totals:         8       0       0       0       0       0       0       0       0
   239 ;;Total ram usage:        8 bytes
   240 ;; Hardware stack levels used: 1
   241 ;; This function calls:
   242 ;;		Nothing
   243 ;; This function is called by:
   244 ;;		_main
   245 ;; This function uses a non-reentrant model
   246 ;;
   247                           
   248                           	psect	text1
   249   007CAC                     __ptext1:
   250                           	callstack 0
   251   007CAC                     _single_layer:
   252                           	callstack 30
   253   007CAC                     
   254                           ;main.c: 176: void single_layer(unsigned short* led,unsigned char* LAYER);main.c: 177: {
      +                          ;main.c: 178:     *led = 0xffff;
   255   007CAC  C001  FFD9         	movff	single_layer@led,fsr2l
   256   007CB0  C002  FFDA         	movff	single_layer@led+1,fsr2h
   257   007CB4  0EFF               	movlw	255
   258   007CB6  6EDE               	movwf	postinc2,c
   259   007CB8  0EFF               	movlw	255
   260   007CBA  6EDD               	movwf	postdec2,c
   261                           
   262                           ;main.c: 179:     *LAYER = 0b0010;
   263   007CBC  C003  FFD9         	movff	single_layer@LAYER,fsr2l
   264   007CC0  C004  FFDA         	movff	single_layer@LAYER+1,fsr2h
   265   007CC4  0E02               	movlw	2
   266   007CC6  6EDF               	movwf	indf2,c
   267   007CC8                     
   268                           ;main.c: 180:     LATBbits.LATB0 = (unsigned)(*LAYER >> 0) & 0xf; LATBbits.LATB1 = (unsi
      +                          gned)(*LAYER >> 1) & 0xf; LATEbits.LE0 = (unsigned)(*LAYER >> 2) & 0xf; LATEbits.LE1 = (
      +                          unsigned)(*LAYER >> 3) & 0xf;
   269   007CC8  C003  FFD9         	movff	single_layer@LAYER,fsr2l
   270   007CCC  C004  FFDA         	movff	single_layer@LAYER+1,fsr2h
   271   007CD0  50DF               	movf	indf2,w,c
   272   007CD2  6E05               	movwf	??_single_layer^0,c
   273   007CD4  0E0F               	movlw	15
   274   007CD6  1605               	andwf	??_single_layer^0,f,c
   275   007CD8  508A               	movf	138,w,c	;volatile
   276   007CDA  1805               	xorwf	??_single_layer^0,w,c
   277   007CDC  0BFE               	andlw	-2
   278   007CDE  1805               	xorwf	??_single_layer^0,w,c
   279   007CE0  6E8A               	movwf	138,c	;volatile
   280   007CE2  C003  FFD9         	movff	single_layer@LAYER,fsr2l
   281   007CE6  C004  FFDA         	movff	single_layer@LAYER+1,fsr2h
   282   007CEA  50DF               	movf	indf2,w,c
   283   007CEC  6E05               	movwf	??_single_layer^0,c
   284   007CEE  90D8               	bcf	status,0,c
   285   007CF0  3205               	rrcf	??_single_layer^0,f,c
   286   007CF2  0E0F               	movlw	15
   287   007CF4  1605               	andwf	??_single_layer^0,f,c
   288   007CF6  4605               	rlncf	??_single_layer^0,f,c
   289   007CF8  508A               	movf	138,w,c	;volatile
   290   007CFA  1805               	xorwf	??_single_layer^0,w,c
   291   007CFC  0BFD               	andlw	-3
   292   007CFE  1805               	xorwf	??_single_layer^0,w,c
   293   007D00  6E8A               	movwf	138,c	;volatile
   294   007D02  C003  FFD9         	movff	single_layer@LAYER,fsr2l
   295   007D06  C004  FFDA         	movff	single_layer@LAYER+1,fsr2h
   296   007D0A  50DF               	movf	indf2,w,c
   297   007D0C  6E05               	movwf	??_single_layer^0,c
   298   007D0E  90D8               	bcf	status,0,c
   299   007D10  3205               	rrcf	??_single_layer^0,f,c
   300   007D12  90D8               	bcf	status,0,c
   301   007D14  3205               	rrcf	??_single_layer^0,f,c
   302   007D16  0E0F               	movlw	15
   303   007D18  1605               	andwf	??_single_layer^0,f,c
   304   007D1A  508D               	movf	141,w,c	;volatile
   305   007D1C  1805               	xorwf	??_single_layer^0,w,c
   306   007D1E  0BFE               	andlw	-2
   307   007D20  1805               	xorwf	??_single_layer^0,w,c
   308   007D22  6E8D               	movwf	141,c	;volatile
   309   007D24  C003  FFD9         	movff	single_layer@LAYER,fsr2l
   310   007D28  C004  FFDA         	movff	single_layer@LAYER+1,fsr2h
   311   007D2C  50DF               	movf	indf2,w,c
   312   007D2E  6E05               	movwf	??_single_layer^0,c
   313   007D30  90D8               	bcf	status,0,c
   314   007D32  3205               	rrcf	??_single_layer^0,f,c
   315   007D34  90D8               	bcf	status,0,c
   316   007D36  3205               	rrcf	??_single_layer^0,f,c
   317   007D38  90D8               	bcf	status,0,c
   318   007D3A  3205               	rrcf	??_single_layer^0,f,c
   319   007D3C  0E0F               	movlw	15
   320   007D3E  1605               	andwf	??_single_layer^0,f,c
   321   007D40  4605               	rlncf	??_single_layer^0,f,c
   322   007D42  508D               	movf	141,w,c	;volatile
   323   007D44  1805               	xorwf	??_single_layer^0,w,c
   324   007D46  0BFD               	andlw	-3
   325   007D48  1805               	xorwf	??_single_layer^0,w,c
   326   007D4A  6E8D               	movwf	141,c	;volatile
   327   007D4C                     
   328                           ;main.c: 181:     LATAbits.LATA0 = (unsigned)(*led >> 0) & 0xff; LATAbits.LA1 = (unsigne
      +                          d)(*led >> 1) & 0xff; LATAbits.LA2 = (unsigned)(*led >> 2) & 0xff; LATAbits.LA3 = (unsig
      +                          ned)(*led >> 3) & 0xff; LATAbits.LA5 = (unsigned)(*led >> 4) & 0xff; LATCbits.LC1 = (uns
      +                          igned)(*led >> 5) & 0xff; LATCbits.LC2 = (unsigned)(*led >> 6) & 0xff; LATCbits.LC6 = (u
      +                          nsigned)(*led >> 7) & 0xff; LATDbits.LATD0 = (unsigned)(*led >> 8) & 0xff; LATDbits.LATD
      +                          1 = (unsigned)(*led >> 9) & 0xff; LATDbits.LATD2 = (unsigned)(*led >> 10) & 0xff; LATDbi
      +                          ts.LATD3 = (unsigned)(*led >> 11) & 0xff; LATDbits.LATD4 = (unsigned)(*led >> 12) & 0xff
      +                          ; LATDbits.LATD5 = (unsigned)(*led >> 13) & 0xff; LATDbits.LATD6 = (unsigned)(*led >> 14
      +                          ) & 0xff; LATDbits.LATD7 = (unsigned)(*led >> 15) & 0xff;
   329   007D4C  C001  FFD9         	movff	single_layer@led,fsr2l
   330   007D50  C002  FFDA         	movff	single_layer@led+1,fsr2h
   331   007D54  50DF               	movf	indf2,w,c
   332   007D56  6E05               	movwf	??_single_layer^0,c
   333   007D58  5089               	movf	137,w,c	;volatile
   334   007D5A  1805               	xorwf	??_single_layer^0,w,c
   335   007D5C  0BFE               	andlw	-2
   336   007D5E  1805               	xorwf	??_single_layer^0,w,c
   337   007D60  6E89               	movwf	137,c	;volatile
   338   007D62  C001  FFD9         	movff	single_layer@led,fsr2l
   339   007D66  C002  FFDA         	movff	single_layer@led+1,fsr2h
   340   007D6A  CFDE F005          	movff	postinc2,??_single_layer
   341   007D6E  CFDD F006          	movff	postdec2,??_single_layer+1
   342   007D72  90D8               	bcf	status,0,c
   343   007D74  3006               	rrcf	(??_single_layer+1)^0,w,c
   344   007D76  6E08               	movwf	(??_single_layer+3)^0,c
   345   007D78  3005               	rrcf	??_single_layer^0,w,c
   346   007D7A  6E07               	movwf	(??_single_layer+2)^0,c
   347   007D7C  4607               	rlncf	(??_single_layer+2)^0,f,c
   348   007D7E  5089               	movf	137,w,c	;volatile
   349   007D80  1807               	xorwf	(??_single_layer+2)^0,w,c
   350   007D82  0BFD               	andlw	-3
   351   007D84  1807               	xorwf	(??_single_layer+2)^0,w,c
   352   007D86  6E89               	movwf	137,c	;volatile
   353   007D88  C001  FFD9         	movff	single_layer@led,fsr2l
   354   007D8C  C002  FFDA         	movff	single_layer@led+1,fsr2h
   355   007D90  CFDE F005          	movff	postinc2,??_single_layer
   356   007D94  CFDD F006          	movff	postdec2,??_single_layer+1
   357   007D98  90D8               	bcf	status,0,c
   358   007D9A  3206               	rrcf	(??_single_layer+1)^0,f,c
   359   007D9C  3205               	rrcf	??_single_layer^0,f,c
   360   007D9E  90D8               	bcf	status,0,c
   361   007DA0  3206               	rrcf	(??_single_layer+1)^0,f,c
   362   007DA2  3205               	rrcf	??_single_layer^0,f,c
   363   007DA4  4605               	rlncf	??_single_layer^0,f,c
   364   007DA6  4605               	rlncf	??_single_layer^0,f,c
   365   007DA8  5089               	movf	137,w,c	;volatile
   366   007DAA  1805               	xorwf	??_single_layer^0,w,c
   367   007DAC  0BFB               	andlw	-5
   368   007DAE  1805               	xorwf	??_single_layer^0,w,c
   369   007DB0  6E89               	movwf	137,c	;volatile
   370   007DB2  C001  FFD9         	movff	single_layer@led,fsr2l
   371   007DB6  C002  FFDA         	movff	single_layer@led+1,fsr2h
   372   007DBA  CFDE F005          	movff	postinc2,??_single_layer
   373   007DBE  CFDD F006          	movff	postdec2,??_single_layer+1
   374   007DC2  90D8               	bcf	status,0,c
   375   007DC4  3206               	rrcf	(??_single_layer+1)^0,f,c
   376   007DC6  3205               	rrcf	??_single_layer^0,f,c
   377   007DC8  90D8               	bcf	status,0,c
   378   007DCA  3206               	rrcf	(??_single_layer+1)^0,f,c
   379   007DCC  3205               	rrcf	??_single_layer^0,f,c
   380   007DCE  90D8               	bcf	status,0,c
   381   007DD0  3206               	rrcf	(??_single_layer+1)^0,f,c
   382   007DD2  3205               	rrcf	??_single_layer^0,f,c
   383   007DD4  4605               	rlncf	??_single_layer^0,f,c
   384   007DD6  4605               	rlncf	??_single_layer^0,f,c
   385   007DD8  4605               	rlncf	??_single_layer^0,f,c
   386   007DDA  5089               	movf	137,w,c	;volatile
   387   007DDC  1805               	xorwf	??_single_layer^0,w,c
   388   007DDE  0BF7               	andlw	-9
   389   007DE0  1805               	xorwf	??_single_layer^0,w,c
   390   007DE2  6E89               	movwf	137,c	;volatile
   391   007DE4  C001  FFD9         	movff	single_layer@led,fsr2l
   392   007DE8  C002  FFDA         	movff	single_layer@led+1,fsr2h
   393   007DEC  CFDE F005          	movff	postinc2,??_single_layer
   394   007DF0  CFDD F006          	movff	postdec2,??_single_layer+1
   395   007DF4  0E04               	movlw	4
   396   007DF6  6E07               	movwf	(??_single_layer+2)^0,c
   397   007DF8                     u1835:
   398   007DF8  90D8               	bcf	status,0,c
   399   007DFA  3206               	rrcf	(??_single_layer+1)^0,f,c
   400   007DFC  3205               	rrcf	??_single_layer^0,f,c
   401   007DFE  2E07               	decfsz	(??_single_layer+2)^0,f,c
   402   007E00  EFFC  F03E         	goto	u1835
   403   007E04  3A05               	swapf	??_single_layer^0,f,c
   404   007E06  4605               	rlncf	??_single_layer^0,f,c
   405   007E08  5089               	movf	137,w,c	;volatile
   406   007E0A  1805               	xorwf	??_single_layer^0,w,c
   407   007E0C  0BDF               	andlw	-33
   408   007E0E  1805               	xorwf	??_single_layer^0,w,c
   409   007E10  6E89               	movwf	137,c	;volatile
   410   007E12  C001  FFD9         	movff	single_layer@led,fsr2l
   411   007E16  C002  FFDA         	movff	single_layer@led+1,fsr2h
   412   007E1A  CFDE F005          	movff	postinc2,??_single_layer
   413   007E1E  CFDD F006          	movff	postdec2,??_single_layer+1
   414   007E22  0E05               	movlw	5
   415   007E24  6E07               	movwf	(??_single_layer+2)^0,c
   416   007E26                     u1845:
   417   007E26  90D8               	bcf	status,0,c
   418   007E28  3206               	rrcf	(??_single_layer+1)^0,f,c
   419   007E2A  3205               	rrcf	??_single_layer^0,f,c
   420   007E2C  2E07               	decfsz	(??_single_layer+2)^0,f,c
   421   007E2E  EF13  F03F         	goto	u1845
   422   007E32  4605               	rlncf	??_single_layer^0,f,c
   423   007E34  508B               	movf	139,w,c	;volatile
   424   007E36  1805               	xorwf	??_single_layer^0,w,c
   425   007E38  0BFD               	andlw	-3
   426   007E3A  1805               	xorwf	??_single_layer^0,w,c
   427   007E3C  6E8B               	movwf	139,c	;volatile
   428   007E3E  C001  FFD9         	movff	single_layer@led,fsr2l
   429   007E42  C002  FFDA         	movff	single_layer@led+1,fsr2h
   430   007E46  CFDE F005          	movff	postinc2,??_single_layer
   431   007E4A  CFDD F006          	movff	postdec2,??_single_layer+1
   432   007E4E  0E06               	movlw	6
   433   007E50  6E07               	movwf	(??_single_layer+2)^0,c
   434   007E52                     u1855:
   435   007E52  90D8               	bcf	status,0,c
   436   007E54  3206               	rrcf	(??_single_layer+1)^0,f,c
   437   007E56  3205               	rrcf	??_single_layer^0,f,c
   438   007E58  2E07               	decfsz	(??_single_layer+2)^0,f,c
   439   007E5A  EF29  F03F         	goto	u1855
   440   007E5E  4605               	rlncf	??_single_layer^0,f,c
   441   007E60  4605               	rlncf	??_single_layer^0,f,c
   442   007E62  508B               	movf	139,w,c	;volatile
   443   007E64  1805               	xorwf	??_single_layer^0,w,c
   444   007E66  0BFB               	andlw	-5
   445   007E68  1805               	xorwf	??_single_layer^0,w,c
   446   007E6A  6E8B               	movwf	139,c	;volatile
   447   007E6C  C001  FFD9         	movff	single_layer@led,fsr2l
   448   007E70  C002  FFDA         	movff	single_layer@led+1,fsr2h
   449   007E74  CFDE F005          	movff	postinc2,??_single_layer
   450   007E78  CFDD F006          	movff	postdec2,??_single_layer+1
   451   007E7C  0E07               	movlw	7
   452   007E7E  6E07               	movwf	(??_single_layer+2)^0,c
   453   007E80                     u1865:
   454   007E80  90D8               	bcf	status,0,c
   455   007E82  3206               	rrcf	(??_single_layer+1)^0,f,c
   456   007E84  3205               	rrcf	??_single_layer^0,f,c
   457   007E86  2E07               	decfsz	(??_single_layer+2)^0,f,c
   458   007E88  EF40  F03F         	goto	u1865
   459   007E8C  3A05               	swapf	??_single_layer^0,f,c
   460   007E8E  4605               	rlncf	??_single_layer^0,f,c
   461   007E90  4605               	rlncf	??_single_layer^0,f,c
   462   007E92  508B               	movf	139,w,c	;volatile
   463   007E94  1805               	xorwf	??_single_layer^0,w,c
   464   007E96  0BBF               	andlw	-65
   465   007E98  1805               	xorwf	??_single_layer^0,w,c
   466   007E9A  6E8B               	movwf	139,c	;volatile
   467   007E9C  C001  FFD9         	movff	single_layer@led,fsr2l
   468   007EA0  C002  FFDA         	movff	single_layer@led+1,fsr2h
   469   007EA4  CFDE F005          	movff	postinc2,??_single_layer
   470   007EA8  CFDD F006          	movff	postdec2,??_single_layer+1
   471   007EAC  C006  F005         	movff	??_single_layer+1,??_single_layer
   472   007EB0  6A06               	clrf	(??_single_layer+1)^0,c
   473   007EB2  508C               	movf	140,w,c	;volatile
   474   007EB4  1805               	xorwf	??_single_layer^0,w,c
   475   007EB6  0BFE               	andlw	-2
   476   007EB8  1805               	xorwf	??_single_layer^0,w,c
   477   007EBA  6E8C               	movwf	140,c	;volatile
   478   007EBC  C001  FFD9         	movff	single_layer@led,fsr2l
   479   007EC0  C002  FFDA         	movff	single_layer@led+1,fsr2h
   480   007EC4  CFDE F005          	movff	postinc2,??_single_layer
   481   007EC8  CFDD F006          	movff	postdec2,??_single_layer+1
   482   007ECC  0E09               	movlw	9
   483   007ECE  6E07               	movwf	(??_single_layer+2)^0,c
   484   007ED0                     u1875:
   485   007ED0  90D8               	bcf	status,0,c
   486   007ED2  3206               	rrcf	(??_single_layer+1)^0,f,c
   487   007ED4  3205               	rrcf	??_single_layer^0,f,c
   488   007ED6  2E07               	decfsz	(??_single_layer+2)^0,f,c
   489   007ED8  EF68  F03F         	goto	u1875
   490   007EDC  4605               	rlncf	??_single_layer^0,f,c
   491   007EDE  508C               	movf	140,w,c	;volatile
   492   007EE0  1805               	xorwf	??_single_layer^0,w,c
   493   007EE2  0BFD               	andlw	-3
   494   007EE4  1805               	xorwf	??_single_layer^0,w,c
   495   007EE6  6E8C               	movwf	140,c	;volatile
   496   007EE8  C001  FFD9         	movff	single_layer@led,fsr2l
   497   007EEC  C002  FFDA         	movff	single_layer@led+1,fsr2h
   498   007EF0  CFDE F005          	movff	postinc2,??_single_layer
   499   007EF4  CFDD F006          	movff	postdec2,??_single_layer+1
   500   007EF8  0E0A               	movlw	10
   501   007EFA  6E07               	movwf	(??_single_layer+2)^0,c
   502   007EFC                     u1885:
   503   007EFC  90D8               	bcf	status,0,c
   504   007EFE  3206               	rrcf	(??_single_layer+1)^0,f,c
   505   007F00  3205               	rrcf	??_single_layer^0,f,c
   506   007F02  2E07               	decfsz	(??_single_layer+2)^0,f,c
   507   007F04  EF7E  F03F         	goto	u1885
   508   007F08  4605               	rlncf	??_single_layer^0,f,c
   509   007F0A  4605               	rlncf	??_single_layer^0,f,c
   510   007F0C  508C               	movf	140,w,c	;volatile
   511   007F0E  1805               	xorwf	??_single_layer^0,w,c
   512   007F10  0BFB               	andlw	-5
   513   007F12  1805               	xorwf	??_single_layer^0,w,c
   514   007F14  6E8C               	movwf	140,c	;volatile
   515   007F16  C001  FFD9         	movff	single_layer@led,fsr2l
   516   007F1A  C002  FFDA         	movff	single_layer@led+1,fsr2h
   517   007F1E  CFDE F005          	movff	postinc2,??_single_layer
   518   007F22  CFDD F006          	movff	postdec2,??_single_layer+1
   519   007F26  0E0B               	movlw	11
   520   007F28  6E07               	movwf	(??_single_layer+2)^0,c
   521   007F2A                     u1895:
   522   007F2A  90D8               	bcf	status,0,c
   523   007F2C  3206               	rrcf	(??_single_layer+1)^0,f,c
   524   007F2E  3205               	rrcf	??_single_layer^0,f,c
   525   007F30  2E07               	decfsz	(??_single_layer+2)^0,f,c
   526   007F32  EF95  F03F         	goto	u1895
   527   007F36  4605               	rlncf	??_single_layer^0,f,c
   528   007F38  4605               	rlncf	??_single_layer^0,f,c
   529   007F3A  4605               	rlncf	??_single_layer^0,f,c
   530   007F3C  508C               	movf	140,w,c	;volatile
   531   007F3E  1805               	xorwf	??_single_layer^0,w,c
   532   007F40  0BF7               	andlw	-9
   533   007F42  1805               	xorwf	??_single_layer^0,w,c
   534   007F44  6E8C               	movwf	140,c	;volatile
   535   007F46  C001  FFD9         	movff	single_layer@led,fsr2l
   536   007F4A  C002  FFDA         	movff	single_layer@led+1,fsr2h
   537   007F4E  CFDE F005          	movff	postinc2,??_single_layer
   538   007F52  CFDD F006          	movff	postdec2,??_single_layer+1
   539   007F56  0E0C               	movlw	12
   540   007F58  6E07               	movwf	(??_single_layer+2)^0,c
   541   007F5A                     u1905:
   542   007F5A  90D8               	bcf	status,0,c
   543   007F5C  3206               	rrcf	(??_single_layer+1)^0,f,c
   544   007F5E  3205               	rrcf	??_single_layer^0,f,c
   545   007F60  2E07               	decfsz	(??_single_layer+2)^0,f,c
   546   007F62  EFAD  F03F         	goto	u1905
   547   007F66  3A05               	swapf	??_single_layer^0,f,c
   548   007F68  508C               	movf	140,w,c	;volatile
   549   007F6A  1805               	xorwf	??_single_layer^0,w,c
   550   007F6C  0BEF               	andlw	-17
   551   007F6E  1805               	xorwf	??_single_layer^0,w,c
   552   007F70  6E8C               	movwf	140,c	;volatile
   553   007F72  C001  FFD9         	movff	single_layer@led,fsr2l
   554   007F76  C002  FFDA         	movff	single_layer@led+1,fsr2h
   555   007F7A  CFDE F005          	movff	postinc2,??_single_layer
   556   007F7E  CFDD F006          	movff	postdec2,??_single_layer+1
   557   007F82  0E0D               	movlw	13
   558   007F84  6E07               	movwf	(??_single_layer+2)^0,c
   559   007F86                     u1915:
   560   007F86  90D8               	bcf	status,0,c
   561   007F88  3206               	rrcf	(??_single_layer+1)^0,f,c
   562   007F8A  3205               	rrcf	??_single_layer^0,f,c
   563   007F8C  2E07               	decfsz	(??_single_layer+2)^0,f,c
   564   007F8E  EFC3  F03F         	goto	u1915
   565   007F92  3A05               	swapf	??_single_layer^0,f,c
   566   007F94  4605               	rlncf	??_single_layer^0,f,c
   567   007F96  508C               	movf	140,w,c	;volatile
   568   007F98  1805               	xorwf	??_single_layer^0,w,c
   569   007F9A  0BDF               	andlw	-33
   570   007F9C  1805               	xorwf	??_single_layer^0,w,c
   571   007F9E  6E8C               	movwf	140,c	;volatile
   572   007FA0  C001  FFD9         	movff	single_layer@led,fsr2l
   573   007FA4  C002  FFDA         	movff	single_layer@led+1,fsr2h
   574   007FA8  CFDE F005          	movff	postinc2,??_single_layer
   575   007FAC  CFDD F006          	movff	postdec2,??_single_layer+1
   576   007FB0  0E0E               	movlw	14
   577   007FB2  6E07               	movwf	(??_single_layer+2)^0,c
   578   007FB4                     u1925:
   579   007FB4  90D8               	bcf	status,0,c
   580   007FB6  3206               	rrcf	(??_single_layer+1)^0,f,c
   581   007FB8  3205               	rrcf	??_single_layer^0,f,c
   582   007FBA  2E07               	decfsz	(??_single_layer+2)^0,f,c
   583   007FBC  EFDA  F03F         	goto	u1925
   584   007FC0  3A05               	swapf	??_single_layer^0,f,c
   585   007FC2  4605               	rlncf	??_single_layer^0,f,c
   586   007FC4  4605               	rlncf	??_single_layer^0,f,c
   587   007FC6  508C               	movf	140,w,c	;volatile
   588   007FC8  1805               	xorwf	??_single_layer^0,w,c
   589   007FCA  0BBF               	andlw	-65
   590   007FCC  1805               	xorwf	??_single_layer^0,w,c
   591   007FCE  6E8C               	movwf	140,c	;volatile
   592   007FD0  C001  FFD9         	movff	single_layer@led,fsr2l
   593   007FD4  C002  FFDA         	movff	single_layer@led+1,fsr2h
   594   007FD8  CFDE F005          	movff	postinc2,??_single_layer
   595   007FDC  CFDD F006          	movff	postdec2,??_single_layer+1
   596   007FE0  0E0F               	movlw	15
   597   007FE2  6E07               	movwf	(??_single_layer+2)^0,c
   598   007FE4                     u1935:
   599   007FE4  90D8               	bcf	status,0,c
   600   007FE6  3206               	rrcf	(??_single_layer+1)^0,f,c
   601   007FE8  3205               	rrcf	??_single_layer^0,f,c
   602   007FEA  2E07               	decfsz	(??_single_layer+2)^0,f,c
   603   007FEC  EFF2  F03F         	goto	u1935
   604   007FF0  3205               	rrcf	??_single_layer^0,f,c
   605   007FF2  3205               	rrcf	??_single_layer^0,f,c
   606   007FF4  508C               	movf	140,w,c	;volatile
   607   007FF6  1805               	xorwf	??_single_layer^0,w,c
   608   007FF8  0B7F               	andlw	-129
   609   007FFA  1805               	xorwf	??_single_layer^0,w,c
   610   007FFC  6E8C               	movwf	140,c	;volatile
   611   007FFE  0012               	return		;funcret
   612   008000                     __end_of_single_layer:
   613                           	callstack 0
   614                           
   615 ;; *************** function _delay_100ms *****************
   616 ;; Defined at:
   617 ;;		line 13 in file "main.c"
   618 ;; Parameters:    Size  Location     Type
   619 ;;  n_100ms         2    0[COMRAM] int 
   620 ;; Auto vars:     Size  Location     Type
   621 ;;  i               2    5[COMRAM] int 
   622 ;; Return value:  Size  Location     Type
   623 ;;                  1    wreg      void 
   624 ;; Registers used:
   625 ;;		wreg, status,2, status,0
   626 ;; Tracked objects:
   627 ;;		On entry : 0/0
   628 ;;		On exit  : 0/0
   629 ;;		Unchanged: 0/0
   630 ;; Data sizes:     COMRAM   BANK0   BANK1   BANK2   BANK3   BANK4   BANK5   BANK6   BANK7
   631 ;;      Params:         2       0       0       0       0       0       0       0       0
   632 ;;      Locals:         2       0       0       0       0       0       0       0       0
   633 ;;      Temps:          3       0       0       0       0       0       0       0       0
   634 ;;      Totals:         7       0       0       0       0       0       0       0       0
   635 ;;Total ram usage:        7 bytes
   636 ;; Hardware stack levels used: 1
   637 ;; This function calls:
   638 ;;		Nothing
   639 ;; This function is called by:
   640 ;;		_main
   641 ;;		_Rand
   642 ;;		_rain
   643 ;;		_slices
   644 ;;		_col_rotation
   645 ;; This function uses a non-reentrant model
   646 ;;
   647                           
   648                           	psect	text2
   649   007C0A                     __ptext2:
   650                           	callstack 0
   651   007C0A                     _delay_100ms:
   652                           	callstack 30
   653   007C0A                     
   654                           ;main.c: 14:     int i;;main.c: 15:     for (i = 0; i < n_100ms * 2; i++)
   655   007C0A  0E00               	movlw	0
   656   007C0C  6E07               	movwf	(delay_100ms@i+1)^0,c
   657   007C0E  0E00               	movlw	0
   658   007C10  6E06               	movwf	delay_100ms@i^0,c
   659   007C12  EF15  F03E         	goto	l29
   660   007C16                     l1238:
   661                           
   662                           ;main.c: 16:         _delay((unsigned long)((50)*(4000000/4000.0)));
   663   007C16  0E41               	movlw	65
   664   007C18  6E03               	movwf	??_delay_100ms^0,c
   665   007C1A  0EEE               	movlw	238
   666   007C1C                     u3527:
   667   007C1C  2EE8               	decfsz	wreg,f,c
   668   007C1E  D7FE               	bra	u3527
   669   007C20  2E03               	decfsz	??_delay_100ms^0,f,c
   670   007C22  D7FC               	bra	u3527
   671   007C24  D000               	nop2	
   672   007C26  4A06               	infsnz	delay_100ms@i^0,f,c
   673   007C28  2A07               	incf	(delay_100ms@i+1)^0,f,c
   674   007C2A                     l29:
   675   007C2A  C001  F003         	movff	delay_100ms@n_100ms,??_delay_100ms
   676   007C2E  C002  F004         	movff	delay_100ms@n_100ms+1,??_delay_100ms+1
   677   007C32  90D8               	bcf	status,0,c
   678   007C34  3603               	rlcf	??_delay_100ms^0,f,c
   679   007C36  3604               	rlcf	(??_delay_100ms+1)^0,f,c
   680   007C38  5003               	movf	??_delay_100ms^0,w,c
   681   007C3A  5C06               	subwf	delay_100ms@i^0,w,c
   682   007C3C  5007               	movf	(delay_100ms@i+1)^0,w,c
   683   007C3E  0A80               	xorlw	128
   684   007C40  6E05               	movwf	(??_delay_100ms+2)^0,c
   685   007C42  5004               	movf	(??_delay_100ms+1)^0,w,c
   686   007C44  0A80               	xorlw	128
   687   007C46  5805               	subwfb	(??_delay_100ms+2)^0,w,c
   688   007C48  A0D8               	btfss	status,0,c
   689   007C4A  EF29  F03E         	goto	u1821
   690   007C4E  EF2B  F03E         	goto	u1820
   691   007C52                     u1821:
   692   007C52  EF0B  F03E         	goto	l1238
   693   007C56                     u1820:
   694   007C56  0012               	return		;funcret
   695   007C58                     __end_of_delay_100ms:
   696                           	callstack 0
   697   000000                     
   698                           	psect	rparam
   699   000000                     
   700                           	psect	idloc
   701                           
   702                           ;Config register IDLOC0 @ 0x200000
   703                           ;	unspecified, using default values
   704   200000                     	org	2097152
   705   200000  FF                 	db	255
   706                           
   707                           ;Config register IDLOC1 @ 0x200001
   708                           ;	unspecified, using default values
   709   200001                     	org	2097153
   710   200001  FF                 	db	255
   711                           
   712                           ;Config register IDLOC2 @ 0x200002
   713                           ;	unspecified, using default values
   714   200002                     	org	2097154
   715   200002  FF                 	db	255
   716                           
   717                           ;Config register IDLOC3 @ 0x200003
   718                           ;	unspecified, using default values
   719   200003                     	org	2097155
   720   200003  FF                 	db	255
   721                           
   722                           ;Config register IDLOC4 @ 0x200004
   723                           ;	unspecified, using default values
   724   200004                     	org	2097156
   725   200004  FF                 	db	255
   726                           
   727                           ;Config register IDLOC5 @ 0x200005
   728                           ;	unspecified, using default values
   729   200005                     	org	2097157
   730   200005  FF                 	db	255
   731                           
   732                           ;Config register IDLOC6 @ 0x200006
   733                           ;	unspecified, using default values
   734   200006                     	org	2097158
   735   200006  FF                 	db	255
   736                           
   737                           ;Config register IDLOC7 @ 0x200007
   738                           ;	unspecified, using default values
   739   200007                     	org	2097159
   740   200007  FF                 	db	255
   741                           
   742                           	psect	config
   743                           
   744                           ;Config register CONFIG1L @ 0x300000
   745                           ;	PLL Prescaler Selection bits
   746                           ;	PLLDIV = 1, No prescale (4 MHz oscillator input drives PLL directly)
   747                           ;	System Clock Postscaler Selection bits
   748                           ;	CPUDIV = OSC1_PLL2, [Primary Oscillator Src: /1][96 MHz PLL Src: /2]
   749                           ;	USB Clock Selection bit (used in Full-Speed USB mode only; UCFG:FSEN = 1)
   750                           ;	USBDIV = 1, USB clock source comes directly from the primary oscillator block with no 
      +                          postscale
   751   300000                     	org	3145728
   752   300000  00                 	db	0
   753                           
   754                           ;Config register CONFIG1H @ 0x300001
   755                           ;	Oscillator Selection bits
   756                           ;	FOSC = HSPLL_HS, HS oscillator, PLL enabled (HSPLL)
   757                           ;	Fail-Safe Clock Monitor Enable bit
   758                           ;	FCMEN = ON, Fail-Safe Clock Monitor enabled
   759                           ;	Internal/External Oscillator Switchover bit
   760                           ;	IESO = OFF, Oscillator Switchover mode disabled
   761   300001                     	org	3145729
   762   300001  4E                 	db	78
   763                           
   764                           ;Config register CONFIG2L @ 0x300002
   765                           ;	Power-up Timer Enable bit
   766                           ;	PWRT = OFF, PWRT disabled
   767                           ;	Brown-out Reset Enable bits
   768                           ;	BOR = ON, Brown-out Reset enabled in hardware only (SBOREN is disabled)
   769                           ;	Brown-out Reset Voltage bits
   770                           ;	BORV = 3, Minimum setting 2.05V
   771                           ;	USB Voltage Regulator Enable bit
   772                           ;	VREGEN = OFF, USB voltage regulator disabled
   773   300002                     	org	3145730
   774   300002  1F                 	db	31
   775                           
   776                           ;Config register CONFIG2H @ 0x300003
   777                           ;	Watchdog Timer Enable bit
   778                           ;	WDT = OFF, WDT disabled (control is placed on the SWDTEN bit)
   779                           ;	Watchdog Timer Postscale Select bits
   780                           ;	WDTPS = 256, 1:256
   781   300003                     	org	3145731
   782   300003  10                 	db	16
   783                           
   784                           ; Padding undefined space
   785   300004                     	org	3145732
   786   300004  FF                 	db	255
   787                           
   788                           ;Config register CONFIG3H @ 0x300005
   789                           ;	CCP2 MUX bit
   790                           ;	CCP2MX = OFF, CCP2 input/output is multiplexed with RB3
   791                           ;	PORTB A/D Enable bit
   792                           ;	PBADEN = OFF, PORTB<4:0> pins are configured as digital I/O on Reset
   793                           ;	Low-Power Timer 1 Oscillator Enable bit
   794                           ;	LPT1OSC = OFF, Timer1 configured for higher power operation
   795                           ;	MCLR Pin Enable bit
   796                           ;	MCLRE = OFF, RE3 input pin enabled; MCLR pin disabled
   797   300005                     	org	3145733
   798   300005  00                 	db	0
   799                           
   800                           ;Config register CONFIG4L @ 0x300006
   801                           ;	Stack Full/Underflow Reset Enable bit
   802                           ;	STVREN = ON, Stack full/underflow will cause Reset
   803                           ;	Single-Supply ICSP Enable bit
   804                           ;	LVP = OFF, Single-Supply ICSP disabled
   805                           ;	Dedicated In-Circuit Debug/Programming Port (ICPORT) Enable bit
   806                           ;	ICPRT = OFF, ICPORT disabled
   807                           ;	Extended Instruction Set Enable bit
   808                           ;	XINST = OFF, Instruction set extension and Indexed Addressing mode disabled (Legacy mo
      +                          de)
   809                           ;	Background Debugger Enable bit
   810                           ;	DEBUG = 0x1, unprogrammed default
   811   300006                     	org	3145734
   812   300006  81                 	db	129
   813                           
   814                           ; Padding undefined space
   815   300007                     	org	3145735
   816   300007  FF                 	db	255
   817                           
   818                           ;Config register CONFIG5L @ 0x300008
   819                           ;	Code Protection bit
   820                           ;	CP0 = OFF, Block 0 (000800-001FFFh) is not code-protected
   821                           ;	Code Protection bit
   822                           ;	CP1 = OFF, Block 1 (002000-003FFFh) is not code-protected
   823                           ;	Code Protection bit
   824                           ;	CP2 = OFF, Block 2 (004000-005FFFh) is not code-protected
   825                           ;	Code Protection bit
   826                           ;	CP3 = OFF, Block 3 (006000-007FFFh) is not code-protected
   827   300008                     	org	3145736
   828   300008  0F                 	db	15
   829                           
   830                           ;Config register CONFIG5H @ 0x300009
   831                           ;	Boot Block Code Protection bit
   832                           ;	CPB = OFF, Boot block (000000-0007FFh) is not code-protected
   833                           ;	Data EEPROM Code Protection bit
   834                           ;	CPD = OFF, Data EEPROM is not code-protected
   835   300009                     	org	3145737
   836   300009  C0                 	db	192
   837                           
   838                           ;Config register CONFIG6L @ 0x30000A
   839                           ;	Write Protection bit
   840                           ;	WRT0 = OFF, Block 0 (000800-001FFFh) is not write-protected
   841                           ;	Write Protection bit
   842                           ;	WRT1 = OFF, Block 1 (002000-003FFFh) is not write-protected
   843                           ;	Write Protection bit
   844                           ;	WRT2 = OFF, Block 2 (004000-005FFFh) is not write-protected
   845                           ;	Write Protection bit
   846                           ;	WRT3 = OFF, Block 3 (006000-007FFFh) is not write-protected
   847   30000A                     	org	3145738
   848   30000A  0F                 	db	15
   849                           
   850                           ;Config register CONFIG6H @ 0x30000B
   851                           ;	Configuration Register Write Protection bit
   852                           ;	WRTC = OFF, Configuration registers (300000-3000FFh) are not write-protected
   853                           ;	Boot Block Write Protection bit
   854                           ;	WRTB = OFF, Boot block (000000-0007FFh) is not write-protected
   855                           ;	Data EEPROM Write Protection bit
   856                           ;	WRTD = OFF, Data EEPROM is not write-protected
   857   30000B                     	org	3145739
   858   30000B  E0                 	db	224
   859                           
   860                           ;Config register CONFIG7L @ 0x30000C
   861                           ;	Table Read Protection bit
   862                           ;	EBTR0 = OFF, Block 0 (000800-001FFFh) is not protected from table reads executed in ot
      +                          her blocks
   863                           ;	Table Read Protection bit
   864                           ;	EBTR1 = OFF, Block 1 (002000-003FFFh) is not protected from table reads executed in ot
      +                          her blocks
   865                           ;	Table Read Protection bit
   866                           ;	EBTR2 = OFF, Block 2 (004000-005FFFh) is not protected from table reads executed in ot
      +                          her blocks
   867                           ;	Table Read Protection bit
   868                           ;	EBTR3 = OFF, Block 3 (006000-007FFFh) is not protected from table reads executed in ot
      +                          her blocks
   869   30000C                     	org	3145740
   870   30000C  0F                 	db	15
   871                           
   872                           ;Config register CONFIG7H @ 0x30000D
   873                           ;	Boot Block Table Read Protection bit
   874                           ;	EBTRB = OFF, Boot block (000000-0007FFh) is not protected from table reads executed in
      +                           other blocks
   875   30000D                     	org	3145741
   876   30000D  40                 	db	64
   877                           tosu	equ	0xFFF
   878                           tosh	equ	0xFFE
   879                           tosl	equ	0xFFD
   880                           stkptr	equ	0xFFC
   881                           pclatu	equ	0xFFB
   882                           pclath	equ	0xFFA
   883                           pcl	equ	0xFF9
   884                           tblptru	equ	0xFF8
   885                           tblptrh	equ	0xFF7
   886                           tblptrl	equ	0xFF6
   887                           tablat	equ	0xFF5
   888                           prodh	equ	0xFF4
   889                           prodl	equ	0xFF3
   890                           indf0	equ	0xFEF
   891                           postinc0	equ	0xFEE
   892                           postdec0	equ	0xFED
   893                           preinc0	equ	0xFEC
   894                           plusw0	equ	0xFEB
   895                           fsr0h	equ	0xFEA
   896                           fsr0l	equ	0xFE9
   897                           wreg	equ	0xFE8
   898                           indf1	equ	0xFE7
   899                           postinc1	equ	0xFE6
   900                           postdec1	equ	0xFE5
   901                           preinc1	equ	0xFE4
   902                           plusw1	equ	0xFE3
   903                           fsr1h	equ	0xFE2
   904                           fsr1l	equ	0xFE1
   905                           bsr	equ	0xFE0
   906                           indf2	equ	0xFDF
   907                           postinc2	equ	0xFDE
   908                           postdec2	equ	0xFDD
   909                           preinc2	equ	0xFDC
   910                           plusw2	equ	0xFDB
   911                           fsr2h	equ	0xFDA
   912                           fsr2l	equ	0xFD9
   913                           status	equ	0xFD8

Data Sizes:
    Strings     0
    Constant    0
    Data        0
    BSS         4
    Persistent  0
    Stack       0

Auto Spaces:
    Space          Size  Autos    Used
    COMRAM           95     11      15
    BANK0           160      0       0
    BANK1           256      0       0
    BANK2           256      0       0
    BANK3           256      0       0
    BANK4           256      0       0
    BANK5           256      0       0
    BANK6           256      0       0
    BANK7           256      0       0

Pointer List with Targets:

    single_layer@LAYER	PTR unsigned char  size(2) Largest target is 1
		 -> main@LAYER(COMRAM[1]), 

    single_layer@led	PTR unsigned short  size(2) Largest target is 2
		 -> main@led(COMRAM[2]), 


Critical Paths under _main in COMRAM

    _main->_single_layer

Critical Paths under _main in BANK0

    None.

Critical Paths under _main in BANK1

    None.

Critical Paths under _main in BANK2

    None.

Critical Paths under _main in BANK3

    None.

Critical Paths under _main in BANK4

    None.

Critical Paths under _main in BANK5

    None.

Critical Paths under _main in BANK6

    None.

Critical Paths under _main in BANK7

    None.

Call Graph Tables:

 ---------------------------------------------------------------------------------
 (Depth) Function   	        Calls       Base Space   Used Autos Params    Refs
 ---------------------------------------------------------------------------------
 (0) _main                                                 3     3      0    2196
                                              8 COMRAM     3     3      0
                        _delay_100ms
                       _single_layer
 ---------------------------------------------------------------------------------
 (1) _single_layer                                         8     4      4     636
                                              0 COMRAM     8     4      4
 ---------------------------------------------------------------------------------
 (1) _delay_100ms                                          7     5      2    1490
                                              0 COMRAM     7     5      2
 ---------------------------------------------------------------------------------
 Estimated maximum stack depth 1
 ---------------------------------------------------------------------------------

 Call Graph Graphs:

 _main (ROOT)
   _delay_100ms
   _single_layer

 Address spaces:
Name               Size   Autos  Total    Cost      Usage
BIGRAM             7FF      0       0      24        0.0%
EEDATA             100      0       0       0        0.0%
BITBANK7           100      0       0      19        0.0%
BANK7              100      0       0      20        0.0%
BITBANK6           100      0       0      16        0.0%
BANK6              100      0       0      17        0.0%
BITBANK5           100      0       0      14        0.0%
BANK5              100      0       0      15        0.0%
BITBANK4           100      0       0      12        0.0%
BANK4              100      0       0      13        0.0%
BITBANK3           100      0       0      10        0.0%
BANK3              100      0       0      11        0.0%
BITBANK2           100      0       0       8        0.0%
BANK2              100      0       0       9        0.0%
BITBANK1           100      0       0       6        0.0%
BANK1              100      0       0       7        0.0%
BITBANK0            A0      0       0       4        0.0%
BANK0               A0      0       0       5        0.0%
BITBIGSFRhh         69      0       0      21        0.0%
BITCOMRAM           5F      0       0       0        0.0%
COMRAM              5F      B       F       1       15.8%
BITBIGSFRll         29      0       0      23        0.0%
BITBIGSFRlhh         4      0       0      22        0.0%
BIGSFR               0      0       0     200        0.0%
BITSFR               0      0       0     200        0.0%
SFR                  0      0       0     200        0.0%
STACK                0      0       0       2        0.0%
NULL                 0      0       0       0        0.0%
ABS                  0      0       F      18        0.0%
DATA                 0      0       F       3        0.0%
CODE                 0      0       0       0        0.0%


Microchip Technology PIC18 Macro Assembler V2.40 build 20220703182018 
Symbol Table                                                                                   Fri Jan 20 17:39:44 2023

                     l32 7C56                       l29 7C2A                       l70 7FFE  
                    wreg 000FE8                     l1240 7C26                     l1250 7D24  
                   l1242 7CAC                     l1236 7C0A                     l1260 7DE4  
                   l1252 7D4C                     l1244 7CC8                     l1238 7C16  
                   l1270 7EBC                     l1262 7E12                     l1254 7D62  
                   l1246 7CE2                     l1280 7FA0                     l1272 7EE8  
                   l1264 7E3E                     l1256 7D88                     l1248 7D02  
                   l1282 7FD0                     l1274 7F16                     l1266 7E6C  
                   l1258 7DB2                     l1290 7C84                     l1276 7F46  
                   l1268 7E9C                     l1292 7C90                     l1284 7C58  
                   l1278 7F72                     l1286 7C72                     l1288 7C76  
                   u1820 7C56                     u1821 7C52                     u1905 7F5A  
                   u1915 7F86                     u1835 7DF8                     u1925 7FB4  
                   u1845 7E26                     u3527 7C1C                     u1935 7FE4  
                   u1855 7E52                     u1865 7E80                     u1875 7ED0  
                   u1885 7EFC                     u1895 7F2A                     _main 7C58  
                   _seed 000C                     fsr2h 000FDA                     indf2 000FDF  
                   fsr2l 000FD9                     start 0000             ___param_bank 000000  
                  ?_main 0001                    _TRISD 000F95                    status 000FD8  
        __initialization 7BFC             __end_of_main 7CAC                   ??_main 0009  
          __activetblptr 000000                   isa$std 000001               __accesstop 0060  
__end_of__initialization 7C04            ___rparam_used 000001           __pcstackCOMRAM 0001  
                __Hparam 0000                  __Lparam 0000                  __pcinit 7BFC  
                __ramtop 0800                  __ptext0 7C58                  __ptext1 7CAC  
                __ptext2 7C0A            ??_delay_100ms 0003                  main@led 000A  
          ?_single_layer 0001     end_of_initialization 7C04                  postdec2 000FDD  
                postinc2 000FDE                _TRISAbits 000F92                _TRISBbits 000F93  
              _TRISCbits 000F94                _TRISEbits 000F96           ??_single_layer 0005  
    __end_of_delay_100ms 7C58      start_initialization 7BFC              __pbssCOMRAM 000C  
            _delay_100ms 7C0A        single_layer@LAYER 0003          single_layer@led 0001  
           delay_100ms@i 0006     __end_of_single_layer 8000                 _LATAbits 000F89  
               _LATBbits 000F8A                 _LATCbits 000F8B                 _LATDbits 000F8C  
               _LATEbits 000F8D                main@LAYER 0009                 __Hrparam 0000  
               __Lrparam 0000       delay_100ms@n_100ms 0001                 isa$xinst 000000  
           ?_delay_100ms 0001             _single_layer 7CAC  
